<?xml version="1.0" encoding="UTF-8"?>
<!-- Generated by org.testng.reporters.JUnitXMLReporter -->
<testsuite hostname="ANR" ignored="3" name="Test" tests="2" failures="0" timestamp="30 Jan 2023 07:57:31 GMT" time="38.369" errors="0">
  <testcase name="sample" time="0.017" classname="beautyProducts.TC_BeautyProduct_01"/>
  <testcase name="addToCart" time="38.324" classname="beautyProducts.TC_BeautyProduct_04"/>
  <testcase name="addToCart" time="0.0" classname="beautyProducts.TC_BeautyProduct_02">
    <ignored/>
  </testcase> <!-- addToCart -->
  <testcase name="addToCart" time="0.0" classname="beautyProducts.TC_BeautyProduct_03">
    <ignored/>
  </testcase> <!-- addToCart -->
  <testcase name="addToCart" time="0.0" classname="beautyProducts.TC_BeautyProduct_01">
    <ignored/>
  </testcase> <!-- addToCart -->
</testsuite> <!-- Test -->
